Vivado Simulator 2019.1
Time resolution is 1 ps
Pushed   1
Pushed   2
---------EMPTY----
Pushed  10
Pushed  20
Pushed  30
Pushed  40
Pushed  50
Pushed  60
Pushed  70
Pushed  80
Pushed  90
Pushed 100
Pushed 110
Pushed 120
Pushed 130
---------EMPTY----
Pushed   x
---------EMPTY----
---------EMPTY----
---------EMPTY----
---------EMPTY----
Pushed 140
---------EMPTY----
Pushed   x
---------EMPTY----
---------EMPTY----
---------EMPTY----
---------EMPTY----
---------EMPTY----
---------EMPTY----
---------EMPTY----
---------EMPTY----
---------EMPTY----
---------EMPTY----
---------EMPTY----
Pushed   5
---------EMPTY----
